
=== 启动 2026-04-24 16:07:10.013334 ===
step 1: init_db
step 2: QApplication
step 3: setStyleSheet
step 4: MainWindow()
step 5: w.show()
step 6: entering event loop

=== 启动 2026-04-24 16:23:24.416501 ===
step 1: init_db
step 2: QApplication
step 3: setStyleSheet
step 4: MainWindow()
step 5: w.show()
step 6: entering event loop

=== 启动 2026-04-24 16:30:03.632321 ===
step 1: init_db
step 2: QApplication
step 3: setStyleSheet
step 4: MainWindow()
step 5: w.show()
step 6: entering event loop

=== 启动 2026-04-24 16:33:30.893963 ===
step 1: init_db
step 2: QApplication
step 3: setStyleSheet
step 4: MainWindow()
step 5: w.show()
step 6: entering event loop

=== 启动 2026-04-24 16:44:57.302444 ===
step 1: init_db
step 2: QApplication
step 3: setStyleSheet
step 4: MainWindow()
step 5: w.show()
step 6: entering event loop

=== 启动 2026-04-24 16:52:16.200979 ===
step 1: init_db
step 2: QApplication
step 3: setStyleSheet
step 4: MainWindow()
step 5: w.show()
step 6: entering event loop

=== 启动 2026-04-24 16:53:39.302904 ===
step 1: init_db
step 2: QApplication
step 3: setStyleSheet
step 4: MainWindow()
step 5: w.show()
step 6: entering event loop

=== 启动 2026-04-24 17:19:41.569027 ===
step 1: init_db
step 2: QApplication
step 3: setStyleSheet
step 4: MainWindow()
step 5: w.show()
step 6: entering event loop

=== 启动 2026-04-24 17:27:44.014169 ===
step 1: init_db
step 2: QApplication
step 3: setStyleSheet
step 4: MainWindow()
step 5: w.show()
step 6: entering event loop

=== 启动 2026-04-24 17:32:54.101146 ===
step 1: init_db
step 2: QApplication
step 3: setStyleSheet
step 4: MainWindow()
step 5: w.show()
step 6: entering event loop
